<?xml version="1.0" encoding="UTF-8" ?>
<testsuite tests="8" failures="1" name="com.unitarias.junit5_app.ejemplos.models.CuentaTest" time="0.017" errors="0" skipped="0">
  <properties>
[...]
</properties>
  <testcase classname="com.unitarias.junit5_app.ejemplos.models.CuentaTest" name="com.unitarias.junit5_app.ejemplos.models.CuentaTest.testNombreCuenta" time="0.003">
    <failure type="org.opentest4j.AssertionFailedError">org.opentest4j.AssertionFailedError
	at org.junit.jupiter.api.AssertionUtils.fail(AssertionUtils.java:35)
	at org.junit.jupiter.api.Assertions.fail(Assertions.java:99)
	at com.unitarias.junit5_app.ejemplos.models.CuentaTest.testNombreCuenta(CuentaTest.java:22)
</failure>
  </testcase>
  <testcase classname="com.unitarias.junit5_app.ejemplos.models.CuentaTest" name="com.unitarias.junit5_app.ejemplos.models.CuentaTest.testSaldoCuenta" time="0"/>
  <testcase classname="com.unitarias.junit5_app.ejemplos.models.CuentaTest" name="com.unitarias.junit5_app.ejemplos.models.CuentaTest.testRerefernciaCuenta" time="0"/>
  <testcase classname="com.unitarias.junit5_app.ejemplos.models.CuentaTest" name="com.unitarias.junit5_app.ejemplos.models.CuentaTest.testDebitoCuenta" time="0"/>
  <testcase classname="com.unitarias.junit5_app.ejemplos.models.CuentaTest" name="com.unitarias.junit5_app.ejemplos.models.CuentaTest.testCreditoCuenta" time="0"/>
  <testcase classname="com.unitarias.junit5_app.ejemplos.models.CuentaTest" name="com.unitarias.junit5_app.ejemplos.models.CuentaTest.testDineroInsuficienteExceptionCuenta" time="0"/>
  <testcase classname="com.unitarias.junit5_app.ejemplos.models.CuentaTest" name="com.unitarias.junit5_app.ejemplos.models.CuentaTest.testTransferirDineroCuentas" time="0"/>
  <testcase classname="com.unitarias.junit5_app.ejemplos.models.CuentaTest" name="com.unitarias.junit5_app.ejemplos.models.CuentaTest.testRelacionBancoCuentas" time="0.014"/>
</testsuite>